0 info it worked if it ends with ok
1 verbose cli [ 'E:\\node.exe',
1 verbose cli   'E:\\node_modules\\npm\\bin\\npm-cli.js',
1 verbose cli   'start' ]
2 info using npm@3.10.8
3 info using node@v6.9.1
4 verbose run-script [ 'prestart', 'start', 'poststart' ]
5 info lifecycle webpack1@1.0.0~prestart: webpack1@1.0.0
6 silly lifecycle webpack1@1.0.0~prestart: no script for prestart, continuing
7 info lifecycle webpack1@1.0.0~start: webpack1@1.0.0
8 verbose lifecycle webpack1@1.0.0~start: unsafe-perm in lifecycle true
9 verbose lifecycle webpack1@1.0.0~start: PATH: E:\node_modules\npm\bin\node-gyp-bin;h:\react训练全集-2018-8-7\2018-8-16\node_modules\.bin;C:\Windows\system32;C:\Windows;C:\Windows\System32\Wbem;C:\Windows\System32\WindowsPowerShell\v1.0\;E:\;E:\Git\cmd;H:\yarn-vue\bin;D:\前端专用安装包\Microsoft VS Code\bin;E:\git_Tortoise\bin;;D:\前端专用安装包\Microsoft VS Code\bin;C:\Users\Administrator\AppData\Roaming\npm;H:\fuwuqi111\AppServ\Apache24\bin;H:\fuwuqi111\AppServ\php5;H:\fuwuqi111\AppServ\MySQL\bin;C:\Users\Administrator\AppData\Local\Yarn\bin
10 verbose lifecycle webpack1@1.0.0~start: CWD: h:\react训练全集-2018-8-7\2018-8-16
11 silly lifecycle webpack1@1.0.0~start: Args: [ '/d /s /c', 'webpack-dev-server --content-base ./build' ]
12 silly lifecycle webpack1@1.0.0~start: Returned: code: 3221225786  signal: null
13 info lifecycle webpack1@1.0.0~start: Failed to exec start script
14 verbose stack Error: webpack1@1.0.0 start: `webpack-dev-server --content-base ./build`
14 verbose stack Exit status 3221225786
14 verbose stack     at EventEmitter.<anonymous> (E:\node_modules\npm\lib\utils\lifecycle.js:255:16)
14 verbose stack     at emitTwo (events.js:106:13)
14 verbose stack     at EventEmitter.emit (events.js:191:7)
14 verbose stack     at ChildProcess.<anonymous> (E:\node_modules\npm\lib\utils\spawn.js:40:14)
14 verbose stack     at emitTwo (events.js:106:13)
14 verbose stack     at ChildProcess.emit (events.js:191:7)
14 verbose stack     at maybeClose (internal/child_process.js:877:16)
14 verbose stack     at Process.ChildProcess._handle.onexit (internal/child_process.js:226:5)
15 verbose pkgid webpack1@1.0.0
16 verbose cwd h:\react训练全集-2018-8-7\2018-8-16
17 error Windows_NT 6.1.7601
18 error argv "E:\\node.exe" "E:\\node_modules\\npm\\bin\\npm-cli.js" "start"
19 error node v6.9.1
20 error npm  v3.10.8
21 error code ELIFECYCLE
22 error webpack1@1.0.0 start: `webpack-dev-server --content-base ./build`
22 error Exit status 3221225786
23 error Failed at the webpack1@1.0.0 start script 'webpack-dev-server --content-base ./build'.
23 error Make sure you have the latest version of node.js and npm installed.
23 error If you do, this is most likely a problem with the webpack1 package,
23 error not with npm itself.
23 error Tell the author that this fails on your system:
23 error     webpack-dev-server --content-base ./build
23 error You can get information on how to open an issue for this project with:
23 error     npm bugs webpack1
23 error Or if that isn't available, you can get their info via:
23 error     npm owner ls webpack1
23 error There is likely additional logging output above.
24 verbose exit [ 1, true ]
